<?xml version="1.0" encoding="UTF-8"?>
<!-- Generated by org.testng.reporters.JUnitReportReporter -->
<testsuite name="GitConfiguration.GitTest" tests="1" time="18.871" ignored="0" failures="0" timestamp="30 May 2017 12:01:52 GMT" skipped="0" hostname="BDC6-D-3WDMX52" errors="0">
  <testcase name="gitTest" time="18.871" classname="GitConfiguration.GitTest"/>
</testsuite> <!-- GitConfiguration.GitTest -->
