<?xml version="1.0" encoding="UTF-8"?>
<!-- Generated by org.testng.reporters.JUnitReportReporter -->
<testsuite name="GitConfiguration.GitTest" tests="1" time="36.581" ignored="0" failures="0" timestamp="16 Jun 2017 13:44:55 GMT" skipped="0" hostname="BDC6-D-3WDMX52" errors="0">
  <testcase name="gitTest" time="36.581" classname="GitConfiguration.GitTest"/>
</testsuite> <!-- GitConfiguration.GitTest -->
